Java home: /usr/lib/jvm/java-8-openjdk-amd64/jre
Metals version: 0.11.8
Downloading https://repo1.maven.org/maven2/org/scalameta/metals_2.13/0.11.8/metals_2.13-0.11.8.pom
Downloaded https://repo1.maven.org/maven2/org/scalameta/metals_2.13/0.11.8/metals_2.13-0.11.8.pom
Downloading https://repo1.maven.org/maven2/org/scalameta/metals_2.13/0.11.8/metals_2.13-0.11.8.pom
Downloaded https://repo1.maven.org/maven2/org/scalameta/metals_2.13/0.11.8/metals_2.13-0.11.8.pom
Exception in thread "main" java.io.FileNotFoundException: /coursier_cache/.structure.lock (Permission denied)
	at java.io.FileOutputStream.open0(Native Method)
	at java.io.FileOutputStream.open(FileOutputStream.java:270)
	at java.io.FileOutputStream.<init>(FileOutputStream.java:213)
	at java.io.FileOutputStream.<init>(FileOutputStream.java:162)
	at coursier.paths.CachePath.withStructureLock(CachePath.java:140)
	at coursier.cache.CacheLocks$.withStructureLock(CacheLocks.scala:21)
	at coursier.cache.CacheLocks$.withLockOr(CacheLocks.scala:38)
	at coursier.cache.internal.Downloader$Blocking$.remote(Downloader.scala:386)
	at coursier.cache.internal.Downloader.$anonfun$remote$5(Downloader.scala:484)
	at scala.concurrent.Future$.$anonfun$apply$1(Future.scala:659)
	at scala.util.Success.$anonfun$map$1(Try.scala:255)
	at scala.util.Success.map(Try.scala:213)
	at scala.concurrent.Future.$anonfun$map$1(Future.scala:292)
	at scala.concurrent.impl.Promise.liftedTree1$1(Promise.scala:33)
	at scala.concurrent.impl.Promise.$anonfun$transform$1(Promise.scala:33)
	at scala.concurrent.impl.CallbackRunnable.run(Promise.scala:64)
	at java.util.concurrent.ThreadPoolExecutor.runWorker(ThreadPoolExecutor.java:1149)
	at java.util.concurrent.ThreadPoolExecutor$Worker.run(ThreadPoolExecutor.java:624)
	at java.lang.Thread.run(Thread.java:748)
Downloading Metals failed with the following:
Process exited with code 1
Release notes was not shown: is a remote environment attached-container
